"C:\Program Files\JetBrains\CLion 2021.1.2\bin\cmake\win\bin\cmake.exe" -DCMAKE_BUILD_TYPE=Debug -G "CodeBlocks - NMake Makefiles" C:\Users\dan\CLionProjects\untitled
-- The C compiler identification is MSVC 19.29.30037.0
-- The CXX compiler identification is MSVC 19.29.30037.0
-- Detecting C compiler ABI info
-- Detecting C compiler ABI info - failed
-- Check for working C compiler: C:/Program Files (x86)/Microsoft Visual Studio/2019/Community/VC/Tools/MSVC/14.29.30037/bin/Hostx64/x64/cl.exe
-- Check for working C compiler: C:/Program Files (x86)/Microsoft Visual Studio/2019/Community/VC/Tools/MSVC/14.29.30037/bin/Hostx64/x64/cl.exe - broken
CMake Error at C:/Program Files/JetBrains/CLion 2021.1.2/bin/cmake/win/share/cmake-3.19/Modules/CMakeTestCCompiler.cmake:66 (message):
  The C compiler

    "C:/Program Files (x86)/Microsoft Visual Studio/2019/Community/VC/Tools/MSVC/14.29.30037/bin/Hostx64/x64/cl.exe"

  is not able to compile a simple test program.

  It fails with the following output:

    Change Dir: C:/Users/dan/CLionProjects/untitled/cmake-build-debug-visual-studio/CMakeFiles/CMakeTmp
    
    Run Build Command(s):nmake /nologo cmTC_6e683\fast && 	"C:\Program Files (x86)\Microsoft Visual Studio\2019\Community\VC\Tools\MSVC\14.29.30037\bin\HostX64\x64\nmake.exe"  -f CMakeFiles\cmTC_6e683.dir\build.make /nologo -L                  CMakeFiles\cmTC_6e683.dir\build
    Building C object CMakeFiles/cmTC_6e683.dir/testCCompiler.c.obj
    	C:\PROGRA~2\MICROS~2\2019\COMMUN~1\VC\Tools\MSVC\1429~1.300\bin\Hostx64\x64\cl.exe @C:\Users\dan\AppData\Local\Temp\nm2DF.tmp
    testCCompiler.c
    Linking C executable cmTC_6e683.exe
    	"C:\Program Files\JetBrains\CLion 2021.1.2\bin\cmake\win\bin\cmake.exe" -E vs_link_exe --intdir=CMakeFiles\cmTC_6e683.dir --rc=rc --mt=CMAKE_MT-NOTFOUND --manifests -- C:\PROGRA~2\MICROS~2\2019\COMMUN~1\VC\Tools\MSVC\1429~1.300\bin\Hostx64\x64\link.exe /nologo @CMakeFiles\cmTC_6e683.dir\objects1.rsp @C:\Users\dan\AppData\Local\Temp\nm31F.tmp
    RC Pass 1: command "rc /fo CMakeFiles\cmTC_6e683.dir/manifest.res CMakeFiles\cmTC_6e683.dir/manifest.rc" failed (exit code 0) with the following output:
    РќРµ СѓРґР°РµС‚СЃСЏ РЅР°Р№С‚Рё СѓРєР°Р·Р°РЅРЅС‹Р№ С„Р°Р№Р»NMAKE : fatal error U1077: "C:\Program Files\JetBrains\CLion 2021.1.2\bin\cmake\win\bin\cmake.exe" : С‚СЋС‡С‚РЃСЂв€™С…СЌСЌв€љС‰ СЉСЋС„ "0xffffffff"
    Stop.
    NMAKE : fatal error U1077: "C:\Program Files (x86)\Microsoft Visual Studio\2019\Community\VC\Tools\MSVC\14.29.30037\bin\HostX64\x64\nmake.exe" : С‚СЋС‡С‚РЃСЂв€™С…СЌСЌв€љС‰ СЉСЋС„ "0x2"
    Stop.
    
    

  

  CMake will not be able to correctly generate this project.
Call Stack (most recent call first):
  CMakeLists.txt:2 (project)


-- Configuring incomplete, errors occurred!
See also "C:/Users/dan/CLionProjects/untitled/cmake-build-debug-visual-studio/CMakeFiles/CMakeOutput.log".
See also "C:/Users/dan/CLionProjects/untitled/cmake-build-debug-visual-studio/CMakeFiles/CMakeError.log".
